{"/Users/liuminghai/Documents/webpacktest/builder-webpack/lib/webpack.base.js":{"path":"/Users/liuminghai/Documents/webpacktest/builder-webpack/lib/webpack.base.js","s":{"1":1,"2":1,"3":1,"4":1,"5":1,"6":1,"7":1,"8":1,"9":1,"10":1,"11":1,"12":1,"13":1,"14":1,"15":2,"16":2,"17":2,"18":2,"19":2,"20":1,"21":1,"22":1,"23":0,"24":0,"25":0,"26":0,"27":0},"b":{"1":[2,2],"2":[0,0],"3":[0,0]},"f":{"1":0},"fnMap":{"1":{"name":"catchException","line":115,"loc":{"start":{"line":115,"column":4},"end":{"line":115,"column":30}}}},"statementMap":{"1":{"start":{"line":1,"column":0},"end":{"line":1,"column":59}},"2":{"start":{"line":2,"column":0},"end":{"line":2,"column":57}},"3":{"start":{"line":3,"column":0},"end":{"line":3,"column":64}},"4":{"start":{"line":4,"column":0},"end":{"line":4,"column":78}},"5":{"start":{"line":5,"column":0},"end":{"line":5,"column":29}},"6":{"start":{"line":6,"column":0},"end":{"line":6,"column":29}},"7":{"start":{"line":7,"column":0},"end":{"line":7,"column":45}},"8":{"start":{"line":8,"column":0},"end":{"line":8,"column":35}},"9":{"start":{"line":10,"column":0},"end":{"line":10,"column":39}},"10":{"start":{"line":12,"column":0},"end":{"line":45,"column":2}},"11":{"start":{"line":13,"column":2},"end":{"line":13,"column":19}},"12":{"start":{"line":14,"column":2},"end":{"line":14,"column":32}},"13":{"start":{"line":16,"column":2},"end":{"line":16,"column":80}},"14":{"start":{"line":17,"column":2},"end":{"line":39,"column":5}},"15":{"start":{"line":18,"column":4},"end":{"line":18,"column":40}},"16":{"start":{"line":19,"column":4},"end":{"line":19,"column":58}},"17":{"start":{"line":20,"column":4},"end":{"line":20,"column":39}},"18":{"start":{"line":22,"column":4},"end":{"line":22,"column":32}},"19":{"start":{"line":23,"column":4},"end":{"line":38,"column":6}},"20":{"start":{"line":41,"column":2},"end":{"line":44,"column":4}},"21":{"start":{"line":47,"column":0},"end":{"line":47,"column":47}},"22":{"start":{"line":49,"column":0},"end":{"line":124,"column":2}},"23":{"start":{"line":79,"column":29},"end":{"line":82,"column":15}},"24":{"start":{"line":116,"column":6},"end":{"line":121,"column":9}},"25":{"start":{"line":117,"column":8},"end":{"line":120,"column":9}},"26":{"start":{"line":118,"column":10},"end":{"line":118,"column":49}},"27":{"start":{"line":119,"column":10},"end":{"line":119,"column":26}}},"branchMap":{"1":{"line":20,"type":"binary-expr","locations":[{"start":{"line":20,"column":21},"end":{"line":20,"column":26}},{"start":{"line":20,"column":30},"end":{"line":20,"column":38}}]},"2":{"line":117,"type":"if","locations":[{"start":{"line":117,"column":8},"end":{"line":117,"column":8}},{"start":{"line":117,"column":8},"end":{"line":117,"column":8}}]},"3":{"line":117,"type":"binary-expr","locations":[{"start":{"line":117,"column":12},"end":{"line":117,"column":36}},{"start":{"line":117,"column":40},"end":{"line":117,"column":71}}]}}}}